<?xml version='1.0' encoding='UTF-8'?>
<testsuite hostname="admin-PC" name="com.ky.TestExpandLyric" tests="4" errors="0" failures="0" time="0.037">
                     <properties>
[...]
</properties>
                     <testcase classname="com.ky.TestExpandLyric" name="第一个时间标志之前的内容 should 和输入的内容完全相同" time="0.028">
                                                 
                                               </testcase><testcase classname="com.ky.TestExpandLyric" name="结果的每一行 should 最多含有一个时间标志" time="0.002">
                                                 
                                               </testcase><testcase classname="com.ky.TestExpandLyric" name="结果的时间标志总数 should 和输入的时间标志总数相同" time="0.003">
                                                 
                                               </testcase><testcase classname="com.ky.TestExpandLyric" name="所有行的时间标志 should 严格按照时间升序排列" time="0.004">
                                                 
                                               </testcase>
                     <system-out></system-out>
                     <system-err></system-err>
                   </testsuite>